Running Sphinx v1.1.2
loading pickled environment... not yet created
building [html]: targets for 2 source files that are out of date
updating environment: 2 added, 0 changed, 0 removed
reading sources... [ 50%] api-c-xcore-resources
Rendering Doxygen type timer_t
Rendering Doxygen function void timer_init
Rendering Doxygen function void timer_exit
Rendering Doxygen function void timer_in
Rendering Doxygen function void timer_in_when_timerafter
Rendering Doxygen type chanend_t
Rendering Doxygen type streaming_chanend_t
Rendering Doxygen function void chan_init
Rendering Doxygen function void chan_exit
Rendering Doxygen function void chan_out_int
Rendering Doxygen function void chan_in_int
Rendering Doxygen function void schan_init
Rendering Doxygen function void schan_exit
Rendering Doxygen function void schan_outct
Rendering Doxygen function void schan_chkct
Rendering Doxygen function void schan_out_int
Rendering Doxygen function void schan_in_int
Rendering Doxygen type port_t
Rendering Doxygen function void port_init
Rendering Doxygen function void port_init_buffered
Rendering Doxygen function void port_exit
Rendering Doxygen function void port_out
Rendering Doxygen function void port_in
Rendering Doxygen function void port_in_when_pinseq
Rendering Doxygen function void port_in_when_pinsneq
Rendering Doxygen type thread_t
Rendering Doxygen function void thread_init
Rendering Doxygen function void thread_exit
reading sources... [100%] index

looking for now-outdated files... none found
pickling environment... done
checking consistency... done
preparing documents... done
writing output... [ 50%] api-c-xcore-resources
writing output... [100%] index

writing additional files... genindex search
copying static files... done
dumping search index... done
dumping object inventory... done
build succeeded.
